Flow report for Qsys_LED
Sat Jun 30 17:32:09 2018
Quartus Prime Version 18.0.0 Build 614 04/24/2018 SJ Standard Edition


---------------------
; Table of Contents ;
---------------------
  1. Legal Notice
  2. Flow Summary
  3. Flow Settings
  4. Flow Non-Default Global Settings
  5. Flow Elapsed Time
  6. Flow OS Summary
  7. Flow Log
  8. Flow Messages
  9. Flow Suppressed Messages



----------------
; Legal Notice ;
----------------
Copyright (C) 2018  Intel Corporation. All rights reserved.
Your use of Intel Corporation's design tools, logic functions 
and other software and tools, and its AMPP partner logic 
functions, and any output files from any of the foregoing 
(including device programming or simulation files), and any 
associated documentation or information are expressly subject 
to the terms and conditions of the Intel Program License 
Subscription Agreement, the Intel Quartus Prime License Agreement,
the Intel FPGA IP License Agreement, or other applicable license
agreement, including, without limitation, that your use is for
the sole purpose of programming logic devices manufactured by
Intel and sold by Intel or its authorized distributors.  Please
refer to the applicable agreement for further details.



+-----------------------------------------------------------------------------------+
; Flow Summary                                                                      ;
+---------------------------------+-------------------------------------------------+
; Flow Status                     ; Successful - Sat Jun 30 17:31:44 2018           ;
; Quartus Prime Version           ; 18.0.0 Build 614 04/24/2018 SJ Standard Edition ;
; Revision Name                   ; Qsys_LED                                        ;
; Top-level Entity Name           ; LED                                             ;
; Family                          ; Cyclone V                                       ;
; Device                          ; 5CSEMA5F31C6                                    ;
; Timing Models                   ; Final                                           ;
; Logic utilization (in ALMs)     ; 1,513 / 32,070 ( 5 % )                          ;
; Total registers                 ; 2175                                            ;
; Total pins                      ; 16 / 457 ( 4 % )                                ;
; Total virtual pins              ; 0                                               ;
; Total block memory bits         ; 555,072 / 4,065,280 ( 14 % )                    ;
; Total DSP Blocks                ; 3 / 87 ( 3 % )                                  ;
; Total HSSI RX PCSs              ; 0                                               ;
; Total HSSI PMA RX Deserializers ; 0                                               ;
; Total HSSI TX PCSs              ; 0                                               ;
; Total HSSI PMA TX Serializers   ; 0                                               ;
; Total PLLs                      ; 0 / 6 ( 0 % )                                   ;
; Total DLLs                      ; 0 / 4 ( 0 % )                                   ;
+---------------------------------+-------------------------------------------------+


+-----------------------------------------+
; Flow Settings                           ;
+-------------------+---------------------+
; Option            ; Setting             ;
+-------------------+---------------------+
; Start date & time ; 06/30/2018 17:26:34 ;
; Main task         ; Compilation         ;
; Revision Name     ; Qsys_LED            ;
+-------------------+---------------------+


+---------------------------------------------------------------------------------------------------------------------------------------------+
; Flow Non-Default Global Settings                                                                                                            ;
+-------------------------------------+------------------------------------------------------------+---------------+-------------+------------+
; Assignment Name                     ; Value                                                      ; Default Value ; Entity Name ; Section Id ;
+-------------------------------------+------------------------------------------------------------+---------------+-------------+------------+
; COMPILER_SIGNATURE_ID               ; 1096360038496.153035079409240                              ; --            ; --          ; --         ;
; MAX_CORE_JUNCTION_TEMP              ; 85                                                         ; --            ; --          ; --         ;
; MIN_CORE_JUNCTION_TEMP              ; 0                                                          ; --            ; --          ; --         ;
; MISC_FILE                           ; Qsys_LED/synthesis/../Qsys_LED.cmp                         ; --            ; --          ; --         ;
; MISC_FILE                           ; Qsys_LED/synthesis/../../Qsys_LED.qsys                     ; --            ; --          ; --         ;
; PARTITION_COLOR                     ; -- (Not supported for targeted family)                     ; --            ; LED         ; Top        ;
; PARTITION_FITTER_PRESERVATION_LEVEL ; -- (Not supported for targeted family)                     ; --            ; LED         ; Top        ;
; PARTITION_NETLIST_TYPE              ; -- (Not supported for targeted family)                     ; --            ; LED         ; Top        ;
; POWER_BOARD_THERMAL_MODEL           ; None (CONSERVATIVE)                                        ; --            ; --          ; --         ;
; POWER_PRESET_COOLING_SOLUTION       ; 23 MM HEAT SINK WITH 200 LFPM AIRFLOW                      ; --            ; --          ; --         ;
; PROJECT_OUTPUT_DIRECTORY            ; output_files                                               ; --            ; --          ; --         ;
; SLD_FILE                            ; Qsys_LED/synthesis/Qsys_LED.regmap                         ; --            ; --          ; --         ;
; SLD_FILE                            ; Qsys_LED/synthesis/Qsys_LED.debuginfo                      ; --            ; --          ; --         ;
; SLD_INFO                            ; QSYS_NAME Qsys_LED HAS_SOPCINFO 1 GENERATION_ID 1530350580 ; --            ; --          ; --         ;
; SOPCINFO_FILE                       ; Qsys_LED/synthesis/../../Qsys_LED.sopcinfo                 ; --            ; --          ; --         ;
; SYNTHESIS_ONLY_QIP                  ; On                                                         ; --            ; --          ; --         ;
; TOP_LEVEL_ENTITY                    ; LED                                                        ; Qsys_LED      ; --          ; --         ;
+-------------------------------------+------------------------------------------------------------+---------------+-------------+------------+


+--------------------------------------------------------------------------------------------------------------------------+
; Flow Elapsed Time                                                                                                        ;
+----------------------+--------------+-------------------------+---------------------+------------------------------------+
; Module Name          ; Elapsed Time ; Average Processors Used ; Peak Virtual Memory ; Total CPU Time (on all processors) ;
+----------------------+--------------+-------------------------+---------------------+------------------------------------+
; Analysis & Synthesis ; 00:01:17     ; 1.0                     ; 5061 MB             ; 00:01:30                           ;
; Fitter               ; 00:02:49     ; 1.1                     ; 6398 MB             ; 00:04:09                           ;
; Assembler            ; 00:00:14     ; 1.0                     ; 4905 MB             ; 00:00:10                           ;
; Timing Analyzer      ; 00:00:23     ; 1.4                     ; 5226 MB             ; 00:00:24                           ;
; Total                ; 00:04:43     ; --                      ; --                  ; 00:06:13                           ;
+----------------------+--------------+-------------------------+---------------------+------------------------------------+


+------------------------------------------------------------------------------------+
; Flow OS Summary                                                                    ;
+----------------------+------------------+------------+------------+----------------+
; Module Name          ; Machine Hostname ; OS Name    ; OS Version ; Processor type ;
+----------------------+------------------+------------+------------+----------------+
; Analysis & Synthesis ; Verdvana         ; Windows 10 ; 10.0       ; x86_64         ;
; Fitter               ; Verdvana         ; Windows 10 ; 10.0       ; x86_64         ;
; Assembler            ; Verdvana         ; Windows 10 ; 10.0       ; x86_64         ;
; Timing Analyzer      ; Verdvana         ; Windows 10 ; 10.0       ; x86_64         ;
+----------------------+------------------+------------+------------+----------------+


------------
; Flow Log ;
------------
quartus_map --read_settings_files=on --write_settings_files=off Qsys_LED -c Qsys_LED
quartus_fit --read_settings_files=off --write_settings_files=off Qsys_LED -c Qsys_LED
quartus_asm --read_settings_files=off --write_settings_files=off Qsys_LED -c Qsys_LED
quartus_sta Qsys_LED -c Qsys_LED



